<?xml version="1.0" encoding="UTF-8"?>
<testsuite name="com.beamo.chat.ChatApplicationTests" tests="1" skipped="0" failures="0" errors="0" timestamp="2022-10-16T15:24:13" hostname="Youngkyoons-MacBook-Pro-2.local" time="0.353">
  <properties/>
  <testcase name="contextLoads()" classname="com.beamo.chat.ChatApplicationTests" time="0.353"/>
  <system-out><![CDATA[00:24:08.832 [Test worker] DEBUG org.springframework.test.context.BootstrapUtils - Instantiating CacheAwareContextLoaderDelegate from class [org.springframework.test.context.cache.DefaultCacheAwareContextLoaderDelegate]
00:24:08.846 [Test worker] DEBUG org.springframework.test.context.BootstrapUtils - Instantiating BootstrapContext using constructor [public org.springframework.test.context.support.DefaultBootstrapContext(java.lang.Class,org.springframework.test.context.CacheAwareContextLoaderDelegate)]
00:24:08.888 [Test worker] DEBUG org.springframework.test.context.BootstrapUtils - Instantiating TestContextBootstrapper for test class [com.beamo.chat.ChatApplicationTests] from class [org.springframework.boot.test.context.SpringBootTestContextBootstrapper]
00:24:08.904 [Test worker] INFO org.springframework.boot.test.context.SpringBootTestContextBootstrapper - Neither @ContextConfiguration nor @ContextHierarchy found for test class [com.beamo.chat.ChatApplicationTests], using SpringBootContextLoader
00:24:08.908 [Test worker] DEBUG org.springframework.test.context.support.AbstractContextLoader - Did not detect default resource location for test class [com.beamo.chat.ChatApplicationTests]: class path resource [com/beamo/chat/ChatApplicationTests-context.xml] does not exist
00:24:08.909 [Test worker] DEBUG org.springframework.test.context.support.AbstractContextLoader - Did not detect default resource location for test class [com.beamo.chat.ChatApplicationTests]: class path resource [com/beamo/chat/ChatApplicationTestsContext.groovy] does not exist
00:24:08.909 [Test worker] INFO org.springframework.test.context.support.AbstractContextLoader - Could not detect default resource locations for test class [com.beamo.chat.ChatApplicationTests]: no resource found for suffixes {-context.xml, Context.groovy}.
00:24:08.912 [Test worker] INFO org.springframework.test.context.support.AnnotationConfigContextLoaderUtils - Could not detect default configuration classes for test class [com.beamo.chat.ChatApplicationTests]: ChatApplicationTests does not declare any static, non-private, non-final, nested classes annotated with @Configuration.
00:24:08.968 [Test worker] DEBUG org.springframework.test.context.support.ActiveProfilesUtils - Could not find an 'annotation declaring class' for annotation type [org.springframework.test.context.ActiveProfiles] and class [com.beamo.chat.ChatApplicationTests]
00:24:09.055 [Test worker] DEBUG org.springframework.context.annotation.ClassPathScanningCandidateComponentProvider - Identified candidate component class: file [/Users/youngkyoonim/dev_dir/chatapp/build/classes/java/main/com/beamo/chat/ChatApplication.class]
00:24:09.057 [Test worker] INFO org.springframework.boot.test.context.SpringBootTestContextBootstrapper - Found @SpringBootConfiguration com.beamo.chat.ChatApplication for test class com.beamo.chat.ChatApplicationTests
00:24:09.276 [Test worker] DEBUG org.springframework.boot.test.context.SpringBootTestContextBootstrapper - @TestExecutionListeners is not present for class [com.beamo.chat.ChatApplicationTests]: using defaults.
00:24:09.276 [Test worker] INFO org.springframework.boot.test.context.SpringBootTestContextBootstrapper - Loaded default TestExecutionListener class names from location [META-INF/spring.factories]: [org.springframework.security.test.context.support.WithSecurityContextTestExecutionListener, org.springframework.security.test.context.support.ReactorContextTestExecutionListener, org.springframework.boot.test.autoconfigure.restdocs.RestDocsTestExecutionListener, org.springframework.boot.test.autoconfigure.web.client.MockRestServiceServerResetTestExecutionListener, org.springframework.boot.test.autoconfigure.web.servlet.MockMvcPrintOnlyOnFailureTestExecutionListener, org.springframework.boot.test.autoconfigure.web.servlet.WebDriverTestExecutionListener, org.springframework.boot.test.autoconfigure.webservices.client.MockWebServiceServerTestExecutionListener, org.springframework.boot.test.mock.mockito.MockitoTestExecutionListener, org.springframework.boot.test.mock.mockito.ResetMocksTestExecutionListener, org.springframework.test.context.web.ServletTestExecutionListener, org.springframework.test.context.support.DirtiesContextBeforeModesTestExecutionListener, org.springframework.test.context.event.ApplicationEventsTestExecutionListener, org.springframework.test.context.support.DependencyInjectionTestExecutionListener, org.springframework.test.context.support.DirtiesContextTestExecutionListener, org.springframework.test.context.transaction.TransactionalTestExecutionListener, org.springframework.test.context.jdbc.SqlScriptsTestExecutionListener, org.springframework.test.context.event.EventPublishingTestExecutionListener]
00:24:09.297 [Test worker] DEBUG org.springframework.boot.test.context.SpringBootTestContextBootstrapper - Skipping candidate TestExecutionListener [org.springframework.test.context.web.ServletTestExecutionListener] due to a missing dependency. Specify custom listener classes or make the default listener classes and their required dependencies available. Offending class: [javax/servlet/ServletContext]
00:24:09.306 [Test worker] INFO org.springframework.boot.test.context.SpringBootTestContextBootstrapper - Using TestExecutionListeners: [org.springframework.test.context.support.DirtiesContextBeforeModesTestExecutionListener@29539e36, org.springframework.test.context.event.ApplicationEventsTestExecutionListener@32f61a31, org.springframework.boot.test.mock.mockito.MockitoTestExecutionListener@f5c79a6, org.springframework.boot.test.autoconfigure.SpringBootDependencyInjectionTestExecutionListener@669253b7, org.springframework.test.context.support.DirtiesContextTestExecutionListener@5305c37d, org.springframework.test.context.transaction.TransactionalTestExecutionListener@51a06cbe, org.springframework.test.context.jdbc.SqlScriptsTestExecutionListener@3dddbe65, org.springframework.security.test.context.support.WithSecurityContextTestExecutionListener@49a64d82, org.springframework.test.context.event.EventPublishingTestExecutionListener@344561e0, org.springframework.security.test.context.support.ReactorContextTestExecutionListener@66d23e4a, org.springframework.boot.test.autoconfigure.restdocs.RestDocsTestExecutionListener@36ac8a63, org.springframework.boot.test.autoconfigure.web.client.MockRestServiceServerResetTestExecutionListener@4d9d1b69, org.springframework.boot.test.autoconfigure.web.servlet.MockMvcPrintOnlyOnFailureTestExecutionListener@52c8295b, org.springframework.boot.test.autoconfigure.web.servlet.WebDriverTestExecutionListener@251f7d26, org.springframework.boot.test.autoconfigure.webservices.client.MockWebServiceServerTestExecutionListener@77b21474, org.springframework.boot.test.mock.mockito.ResetMocksTestExecutionListener@52d10fb8]
00:24:09.311 [Test worker] DEBUG org.springframework.test.context.support.AbstractDirtiesContextTestExecutionListener - Before test class: context [DefaultTestContext@5851bd4f testClass = ChatApplicationTests, testInstance = [null], testMethod = [null], testException = [null], mergedContextConfiguration = [ReactiveWebMergedContextConfiguration@7cd1ac19 testClass = ChatApplicationTests, locations = '{}', classes = '{class com.beamo.chat.ChatApplication}', contextInitializerClasses = '[]', activeProfiles = '{}', propertySourceLocations = '{}', propertySourceProperties = '{org.springframework.boot.test.context.SpringBootTestContextBootstrapper=true}', contextCustomizers = set[org.springframework.boot.test.autoconfigure.actuate.metrics.MetricsExportContextCustomizerFactory$DisableMetricExportContextCustomizer@1c6804cd, org.springframework.boot.test.autoconfigure.properties.PropertyMappingContextCustomizer@0, org.springframework.boot.test.autoconfigure.web.servlet.WebDriverContextCustomizerFactory$Customizer@3dd1dc90, org.springframework.boot.test.context.filter.ExcludeFilterContextCustomizer@58fe0499, org.springframework.boot.test.json.DuplicateJsonObjectContextCustomizerFactory$DuplicateJsonObjectContextCustomizer@aa549e5, org.springframework.boot.test.mock.mockito.MockitoContextCustomizer@0, org.springframework.boot.test.web.client.TestRestTemplateContextCustomizer@4a891c97, org.springframework.boot.test.web.reactive.server.WebTestClientContextCustomizer@674658f7, org.springframework.boot.test.context.SpringBootTestArgs@1, org.springframework.boot.test.context.SpringBootTestWebEnvironment@5f9edf14], contextLoader = 'org.springframework.boot.test.context.SpringBootContextLoader', parent = [null]], attributes = map[[empty]]], class annotated with @DirtiesContext [false] with mode [null].
00:24:09.327 [Test worker] DEBUG org.springframework.test.context.support.DependencyInjectionTestExecutionListener - Performing dependency injection for test context [[DefaultTestContext@5851bd4f testClass = ChatApplicationTests, testInstance = com.beamo.chat.ChatApplicationTests@33c2bd, testMethod = [null], testException = [null], mergedContextConfiguration = [ReactiveWebMergedContextConfiguration@7cd1ac19 testClass = ChatApplicationTests, locations = '{}', classes = '{class com.beamo.chat.ChatApplication}', contextInitializerClasses = '[]', activeProfiles = '{}', propertySourceLocations = '{}', propertySourceProperties = '{org.springframework.boot.test.context.SpringBootTestContextBootstrapper=true}', contextCustomizers = set[org.springframework.boot.test.autoconfigure.actuate.metrics.MetricsExportContextCustomizerFactory$DisableMetricExportContextCustomizer@1c6804cd, org.springframework.boot.test.autoconfigure.properties.PropertyMappingContextCustomizer@0, org.springframework.boot.test.autoconfigure.web.servlet.WebDriverContextCustomizerFactory$Customizer@3dd1dc90, org.springframework.boot.test.context.filter.ExcludeFilterContextCustomizer@58fe0499, org.springframework.boot.test.json.DuplicateJsonObjectContextCustomizerFactory$DuplicateJsonObjectContextCustomizer@aa549e5, org.springframework.boot.test.mock.mockito.MockitoContextCustomizer@0, org.springframework.boot.test.web.client.TestRestTemplateContextCustomizer@4a891c97, org.springframework.boot.test.web.reactive.server.WebTestClientContextCustomizer@674658f7, org.springframework.boot.test.context.SpringBootTestArgs@1, org.springframework.boot.test.context.SpringBootTestWebEnvironment@5f9edf14], contextLoader = 'org.springframework.boot.test.context.SpringBootContextLoader', parent = [null]], attributes = map['org.springframework.test.context.event.ApplicationEventsTestExecutionListener.recordApplicationEvents' -> false]]].

  .   ____          _            __ _ _
 /\\ / ___'_ __ _ _(_)_ __  __ _ \ \ \ \
( ( )\___ | '_ | '_| | '_ \/ _` | \ \ \ \
 \\/  ___)| |_)| | | | | || (_| |  ) ) ) )
  '  |____| .__|_| |_|_| |_\__, | / / / /
 =========|_|==============|___/=/_/_/_/
 :: Spring Boot ::                (v2.7.4)

2022-10-17 00:24:10.101  INFO 79739 --- [    Test worker] com.beamo.chat.ChatApplicationTests      : Starting ChatApplicationTests using Java 11.0.11 on Youngkyoons-MacBook-Pro-2.local with PID 79739 (started by youngkyoonim in /Users/youngkyoonim/dev_dir/chatapp)
2022-10-17 00:24:10.108  INFO 79739 --- [    Test worker] com.beamo.chat.ChatApplicationTests      : No active profile set, falling back to 1 default profile: "default"
2022-10-17 00:24:11.118  INFO 79739 --- [    Test worker] .s.d.r.c.RepositoryConfigurationDelegate : Bootstrapping Spring Data Reactive MongoDB repositories in DEFAULT mode.
2022-10-17 00:24:11.345  INFO 79739 --- [    Test worker] .s.d.r.c.RepositoryConfigurationDelegate : Finished Spring Data repository scanning in 220 ms. Found 1 Reactive MongoDB repository interfaces.
2022-10-17 00:24:12.284  INFO 79739 --- [    Test worker] org.mongodb.driver.client                : MongoClient with metadata {"driver": {"name": "mongo-java-driver|reactive-streams|spring-boot", "version": "4.6.1"}, "os": {"type": "Darwin", "name": "Mac OS X", "architecture": "x86_64", "version": "11.5"}, "platform": "Java/AdoptOpenJDK/11.0.11+9"} created with settings MongoClientSettings{readPreference=primary, writeConcern=WriteConcern{w=null, wTimeout=null ms, journal=null}, retryWrites=true, retryReads=true, readConcern=ReadConcern{level=null}, credential=null, streamFactoryFactory=NettyStreamFactoryFactory{eventLoopGroup=io.netty.channel.nio.NioEventLoopGroup@61037caf, socketChannelClass=class io.netty.channel.socket.nio.NioSocketChannel, allocator=PooledByteBufAllocator(directByDefault: true), sslContext=null}, commandListeners=[], codecRegistry=ProvidersCodecRegistry{codecProviders=[ValueCodecProvider{}, BsonValueCodecProvider{}, DBRefCodecProvider{}, DBObjectCodecProvider{}, DocumentCodecProvider{}, IterableCodecProvider{}, MapCodecProvider{}, GeoJsonCodecProvider{}, GridFSFileCodecProvider{}, Jsr310CodecProvider{}, JsonObjectCodecProvider{}, BsonCodecProvider{}, EnumCodecProvider{}, com.mongodb.Jep395RecordCodecProvider@2fc49538]}, clusterSettings={hosts=[localhost:27017], srvServiceName=mongodb, mode=SINGLE, requiredClusterType=UNKNOWN, requiredReplicaSetName='null', serverSelector='null', clusterListeners='[]', serverSelectionTimeout='30000 ms', localThreshold='30000 ms'}, socketSettings=SocketSettings{connectTimeoutMS=10000, readTimeoutMS=0, receiveBufferSize=0, sendBufferSize=0}, heartbeatSocketSettings=SocketSettings{connectTimeoutMS=10000, readTimeoutMS=10000, receiveBufferSize=0, sendBufferSize=0}, connectionPoolSettings=ConnectionPoolSettings{maxSize=100, minSize=0, maxWaitTimeMS=120000, maxConnectionLifeTimeMS=0, maxConnectionIdleTimeMS=0, maintenanceInitialDelayMS=0, maintenanceFrequencyMS=60000, connectionPoolListeners=[], maxConnecting=2}, serverSettings=ServerSettings{heartbeatFrequencyMS=10000, minHeartbeatFrequencyMS=500, serverListeners='[]', serverMonitorListeners='[]'}, sslSettings=SslSettings{enabled=false, invalidHostNameAllowed=false, context=null}, applicationName='null', compressorList=[], uuidRepresentation=JAVA_LEGACY, serverApi=null, autoEncryptionSettings=null, contextProvider=null}
2022-10-17 00:24:12.633  INFO 79739 --- [localhost:27017] org.mongodb.driver.connection            : Opened connection [connectionId{localValue:1, serverValue:61}] to localhost:27017
2022-10-17 00:24:12.633  INFO 79739 --- [localhost:27017] org.mongodb.driver.connection            : Opened connection [connectionId{localValue:2, serverValue:62}] to localhost:27017
2022-10-17 00:24:12.635  INFO 79739 --- [localhost:27017] org.mongodb.driver.cluster               : Monitor thread successfully connected to server with description ServerDescription{address=localhost:27017, type=STANDALONE, state=CONNECTED, ok=true, minWireVersion=0, maxWireVersion=17, maxDocumentSize=16777216, logicalSessionTimeoutMinutes=30, roundTripTimeNanos=278402187}
2022-10-17 00:24:13.048  INFO 79739 --- [    Test worker] ctiveUserDetailsServiceAutoConfiguration : 

Using generated security password: bf94ed94-b3cc-4758-b6a2-fe44bad575ab

2022-10-17 00:24:13.258  INFO 79739 --- [    Test worker] com.beamo.chat.ChatApplicationTests      : Started ChatApplicationTests in 3.886 seconds (JVM running for 5.973)
]]></system-out>
  <system-err><![CDATA[]]></system-err>
</testsuite>
